<?xml version="1.0" encoding="UTF-8"?>
<!-- Generated by org.testng.reporters.JUnitReportReporter -->
<testsuite hostname="user-PC" name="negretacrm.Demo1" tests="1" failures="0" timestamp="1 Mar 2020 15:32:20 GMT" time="11.597" errors="0">
  <testcase name="launch" time="11.597" classname="negretacrm.Demo1"/>
</testsuite> <!-- negretacrm.Demo1 -->
