<?xml version="1.0" encoding="UTF-8"?>
<!-- Generated by org.testng.reporters.JUnitReportReporter -->
<testsuite hostname="user-PC" name="negretacrm.Brokenlinks1" tests="1" failures="0" timestamp="3 Mar 2020 07:06:18 GMT" time="105.746" errors="0">
  <testcase name="launch" time="105.746" classname="negretacrm.Brokenlinks1"/>
</testsuite> <!-- negretacrm.Brokenlinks1 -->
