<?xml version="1.0" encoding="UTF-8"?>
<!-- Generated by org.testng.reporters.JUnitReportReporter -->
<testsuite hostname="user-PC" name="negretacrm.Brokenlink" tests="1" failures="0" timestamp="3 Mar 2020 06:53:39 GMT" time="14.807" errors="0">
  <testcase name="launch" time="14.807" classname="negretacrm.Brokenlink"/>
</testsuite> <!-- negretacrm.Brokenlink -->
